0 info it worked if it ends with ok
1 verbose cli [ '/usr/bin/nodejs', '/usr/bin/npm', 'publish' ]
2 info using npm@3.10.10
3 info using node@v6.11.0
4 verbose publish [ '.' ]
5 silly cache add args [ '.', null ]
6 verbose cache add spec .
7 silly cache add parsed spec Result {
7 silly cache add   raw: '.',
7 silly cache add   scope: null,
7 silly cache add   escapedName: null,
7 silly cache add   name: null,
7 silly cache add   rawSpec: '.',
7 silly cache add   spec: '/home/pi/Downloads/node-red-contrib-nr-ldapauth',
7 silly cache add   type: 'directory' }
8 verbose addLocalDirectory /home/pi/.npm/node-red-contrib-nr-ldapauth/1.0.13/package.tgz not in flight; packing
9 verbose correctMkdir /home/pi/.npm correctMkdir not in flight; initializing
10 info lifecycle node-red-contrib-nr-ldapauth@1.0.13~prepublish: node-red-contrib-nr-ldapauth@1.0.13
11 silly lifecycle node-red-contrib-nr-ldapauth@1.0.13~prepublish: no script for prepublish, continuing
12 verbose tar pack [ '/home/pi/.npm/node-red-contrib-nr-ldapauth/1.0.13/package.tgz',
12 verbose tar pack   '/home/pi/Downloads/node-red-contrib-nr-ldapauth' ]
13 verbose tarball /home/pi/.npm/node-red-contrib-nr-ldapauth/1.0.13/package.tgz
14 verbose folder /home/pi/Downloads/node-red-contrib-nr-ldapauth
15 verbose addLocalTarball adding from inside cache /home/pi/.npm/node-red-contrib-nr-ldapauth/1.0.13/package.tgz
16 verbose correctMkdir /home/pi/.npm correctMkdir not in flight; initializing
17 silly cache afterAdd node-red-contrib-nr-ldapauth@1.0.13
18 verbose afterAdd /home/pi/.npm/node-red-contrib-nr-ldapauth/1.0.13/package/package.json not in flight; writing
19 verbose correctMkdir /home/pi/.npm correctMkdir not in flight; initializing
20 verbose afterAdd /home/pi/.npm/node-red-contrib-nr-ldapauth/1.0.13/package/package.json written
21 silly publish { author: { name: 'Adam Sage' },
21 silly publish   bugs: { url: 'https://github.com/atsage/node-red-contrib-nr-ldapauth/issues' },
21 silly publish   name: 'node-red-contrib-nr-ldapauth',
21 silly publish   version: '1.0.13',
21 silly publish   description: 'Authenticate against LDAP server',
21 silly publish   dependencies: { 'ldapauth-fork': '4.*' },
21 silly publish   license: 'MIT',
21 silly publish   repository:
21 silly publish    { type: 'git',
21 silly publish      url: 'git+https://github.com/atsage/node-red-contrib-nr-ldapauth.git' },
21 silly publish   keywords: [ 'node-red', 'ldap', 'auth', 'authorization' ],
21 silly publish   'node-red':
21 silly publish    { nodes:
21 silly publish       { 'node-red-contrib-nr-ldapauth': 'nr-ldapauth/nr-ldapauth.js',
21 silly publish         'node-red-contrib-nr-ldapauth-cred': 'nr-ldapauth/nr-ldapauth-cred.js' } },
21 silly publish   readme: 'This node was made to authenticate POST web requests in Node-RED.  Pass `msg.payload.u` as the username and `msg.payload.p` as the password to authenticate against an LDAP server.  It will return `msg.auth` as `true` (successful) or `false` (failure) and log failed attempts to the Node-RED log with requester\'s IP address.  This node can be used for any authentication request but if `msg.req.ip` is not defined it will be replaced with `localhost`.\r\n\r\n## For an Active Directory setup\r\n\r\nServer: Any domain controller.  Use FQDN if using LDAPS.\r\n\r\nBind Username: `cn=username,ou=Organizational Unit,DC=Domain,DC=com`\r\n\r\nFilter: `(SAMAccountName={{username}})`\r\n\r\nSearch Base: `OU=Organizational Unit,DC=Domain,DC=com`\r\n\r\n## LDAPS Notes\r\n\r\nIf using LDAPS the certificate Subject Name cannot be blank.  By default the Windows CA certificate templates leave this blank.  Node.js does not allow the Subject Name to be blank and will give the error `Hostname/IP doesn\'t match certificate\'s altnames: "Cert is empty"`  To set the Subject Name open the certificates template Console, right click on the template, click Properties, open the Subject Name tab, and set the Subject name format to DNS name.  Also set Include this information in alternate subject name to DNS.  Next export the CA certificate. Run certsrv.msc, right click the domain, click Properties, on the general tab select the certificate and click View Certificate, click the Details tab, click Copy to File..., then save the .crt file to the Node-RED server.  Once it\'s on the server convert it to a .pem file using the command:\r\n\r\n`openssl x509 -inform der -in cert.cer -out cert.pem`\r\n\r\nTest certs with this command:\r\n\r\n`openssl s_client -connect domain.controller:636 -ca cert.pem`',
21 silly publish   readmeFilename: 'README.md',
21 silly publish   gitHead: '9ad1a608b82d2fca763252b01fe69022419e29c2',
21 silly publish   homepage: 'https://github.com/atsage/node-red-contrib-nr-ldapauth#readme',
21 silly publish   _id: 'node-red-contrib-nr-ldapauth@1.0.13',
21 silly publish   scripts: {},
21 silly publish   _shasum: 'be2500ab0af9681cfa4db7c4937dec79069e732c',
21 silly publish   _from: '.' }
22 verbose getPublishConfig undefined
23 silly mapToRegistry name node-red-contrib-nr-ldapauth
24 silly mapToRegistry using default registry
25 silly mapToRegistry registry https://registry.npmjs.org/
26 silly mapToRegistry data Result {
26 silly mapToRegistry   raw: 'node-red-contrib-nr-ldapauth',
26 silly mapToRegistry   scope: null,
26 silly mapToRegistry   escapedName: 'node-red-contrib-nr-ldapauth',
26 silly mapToRegistry   name: 'node-red-contrib-nr-ldapauth',
26 silly mapToRegistry   rawSpec: '',
26 silly mapToRegistry   spec: 'latest',
26 silly mapToRegistry   type: 'tag' }
27 silly mapToRegistry uri https://registry.npmjs.org/node-red-contrib-nr-ldapauth
28 verbose publish registryBase https://registry.npmjs.org/
29 silly publish uploading /home/pi/.npm/node-red-contrib-nr-ldapauth/1.0.13/package.tgz
30 verbose request uri https://registry.npmjs.org/node-red-contrib-nr-ldapauth
31 verbose request sending authorization for write operation
32 info attempt registry request try #1 at 1:55:10 PM
33 verbose request using bearer token for auth
34 verbose request id b97b100c9ccf7f00
35 http request PUT https://registry.npmjs.org/node-red-contrib-nr-ldapauth
36 http 403 https://registry.npmjs.org/node-red-contrib-nr-ldapauth
37 verbose headers { 'content-type': 'application/json',
37 verbose headers   'cache-control': 'max-age=300',
37 verbose headers   'content-length': '94',
37 verbose headers   'accept-ranges': 'bytes',
37 verbose headers   date: 'Wed, 28 Mar 2018 17:55:11 GMT',
37 verbose headers   via: '1.1 varnish',
37 verbose headers   connection: 'keep-alive',
37 verbose headers   'x-served-by': 'cache-dca17741-DCA',
37 verbose headers   'x-cache': 'MISS',
37 verbose headers   'x-cache-hits': '0',
37 verbose headers   'x-timer': 'S1522259711.145454,VS0,VE523',
37 verbose headers   vary: 'Accept-Encoding, Accept' }
38 verbose request invalidating /home/pi/.npm/registry.npmjs.org/node-red-contrib-nr-ldapauth on PUT
39 error publish Failed PUT 403
40 verbose stack Error: You cannot publish over the previously published versions: 1.0.13. : node-red-contrib-nr-ldapauth
40 verbose stack     at makeError (/usr/lib/node_modules/npm/node_modules/npm-registry-client/lib/request.js:302:12)
40 verbose stack     at CachingRegistryClient.<anonymous> (/usr/lib/node_modules/npm/node_modules/npm-registry-client/lib/request.js:290:14)
40 verbose stack     at Request._callback (/usr/lib/node_modules/npm/node_modules/npm-registry-client/lib/request.js:210:14)
40 verbose stack     at Request.self.callback (/usr/lib/node_modules/npm/node_modules/request/request.js:187:22)
40 verbose stack     at emitTwo (events.js:106:13)
40 verbose stack     at Request.emit (events.js:191:7)
40 verbose stack     at Request.<anonymous> (/usr/lib/node_modules/npm/node_modules/request/request.js:1048:10)
40 verbose stack     at emitOne (events.js:96:13)
40 verbose stack     at Request.emit (events.js:188:7)
40 verbose stack     at IncomingMessage.<anonymous> (/usr/lib/node_modules/npm/node_modules/request/request.js:969:12)
41 verbose statusCode 403
42 verbose pkgid node-red-contrib-nr-ldapauth
43 verbose cwd /home/pi/Downloads/node-red-contrib-nr-ldapauth
44 error Linux 4.9.35-v7+
45 error argv "/usr/bin/nodejs" "/usr/bin/npm" "publish"
46 error node v6.11.0
47 error npm  v3.10.10
48 error code E403
49 error You cannot publish over the previously published versions: 1.0.13. : node-red-contrib-nr-ldapauth
50 error If you need help, you may report this error at:
50 error     <https://github.com/npm/npm/issues>
51 verbose exit [ 1, true ]
